Using pre-set license
Built from '2020.3/staging' branch; Version is '2020.3.10f1 (297d780c91bc) revision 2719096'; Using compiler version '192528614'; Build Type 'Release'
OS: 'Windows 10 Home; OS build 19043.1586; Version 2009; 64bit' Language: 'ja' Physical Memory: 16305 MB
BatchMode: 1, IsHumanControllingUs: 0, StartBugReporterOnCrash: 0, Is64bit: 1, IsPro: 0

 COMMAND LINE ARGUMENTS:
D:\UnityEditor\2020.3.10f1\Editor\Unity.exe
-adb2
-batchMode
-noUpm
-name
AssetImportWorker1
-projectPath
D:/UnityProjects/UchuuJanken
-logFile
Logs/AssetImportWorker1.log
-srvPort
56969
Successfully changed project path to: D:/UnityProjects/UchuuJanken
D:/UnityProjects/UchuuJanken
Using Asset Import Pipeline V2.
Refreshing native plugins compatible for Editor in 78.20 ms, found 3 plugins.
Preloading 0 native plugins for Editor in 0.00 ms.
Initialize engine version: 2020.3.10f1 (297d780c91bc)
[Subsystems] Discovering subsystems at path D:/UnityEditor/2020.3.10f1/Editor/Data/Resources/UnitySubsystems
[Subsystems] Discovering subsystems at path D:/UnityProjects/UchuuJanken/Assets
GfxDevice: creating device client; threaded=0
Direct3D:
    Version:  Direct3D 11.0 [level 11.1]
    Renderer: NVIDIA GeForce GTX 1660 (ID=0x2184)
    Vendor:   
    VRAM:     5991 MB
    Driver:   27.21.14.6089
Initialize mono
Mono path[0] = 'D:/UnityEditor/2020.3.10f1/Editor/Data/Managed'
Mono path[1] = 'D:/UnityEditor/2020.3.10f1/Editor/Data/MonoBleedingEdge/lib/mono/unityjit'
Mono config path = 'D:/UnityEditor/2020.3.10f1/Editor/Data/MonoBleedingEdge/etc'
Using monoOptions --debugger-agent=transport=dt_socket,embedding=1,server=y,suspend=n,address=127.0.0.1:56420
Begin MonoManager ReloadAssembly
Registering precompiled unity dll's ...
Register platform support module: D:/UnityEditor/2020.3.10f1/Editor/Data/PlaybackEngines/WebGLSupport/UnityEditor.WebGL.Extensions.dll
Register platform support module: D:/UnityEditor/2020.3.10f1/Editor/Data/PlaybackEngines/MacStandaloneSupport/UnityEditor.OSXStandalone.Extensions.dll
Register platform support module: D:/UnityEditor/2020.3.10f1/Editor/Data/PlaybackEngines/WindowsStandaloneSupport/UnityEditor.WindowsStandalone.Extensions.dll
Registered in 0.001646 seconds.
Native extension for WindowsStandalone target not found
Native extension for OSXStandalone target not found
Native extension for WebGL target not found
Refreshing native plugins compatible for Editor in 65.81 ms, found 3 plugins.
Preloading 0 native plugins for Editor in 0.00 ms.
Mono: successfully reloaded assembly
- Completed reload, in  2.780 seconds
Platform modules already initialized, skipping
Registering precompiled user dll's ...
Registered in 0.009681 seconds.
Begin MonoManager ReloadAssembly
Native extension for WindowsStandalone target not found
Native extension for OSXStandalone target not found
Native extension for WebGL target not found
Refreshing native plugins compatible for Editor in 65.79 ms, found 3 plugins.
Preloading 0 native plugins for Editor in 0.00 ms.
Mono: successfully reloaded assembly
- Completed reload, in  2.753 seconds
Platform modules already initialized, skipping
========================================================================
Worker process is ready to serve import requests
Launched and connected shader compiler UnityShaderCompiler.exe after 0.12 seconds
Refreshing native plugins compatible for Editor in 0.91 ms, found 3 plugins.
Preloading 0 native plugins for Editor in 0.00 ms.
Unloading 3751 Unused Serialized files (Serialized files now loaded: 0)
System memory in use before: 160.7 MB.
System memory in use after: 160.8 MB.

Unloading 67 unused Assets to reduce memory usage. Loaded Objects now: 4218.
Total: 29.066600 ms (FindLiveObjects: 0.363900 ms CreateObjectMapping: 0.199200 ms MarkObjects: 28.357000 ms  DeleteObjects: 0.144600 ms)

========================================================================
Received Import Request.
  path: Packages/com.unity.render-pipelines.core/Runtime/Debugging/Prefabs/Widgets/DebugUI EnumHistory.prefab
  artifactKey: Guid(b2da6b27df236b144b3516ed8e7d36ac) Importer(815301076,1909f56bfc062723c751e8b465ee728b)
Start importing Packages/com.unity.render-pipelines.core/Runtime/Debugging/Prefabs/Widgets/DebugUI EnumHistory.prefab using Guid(b2da6b27df236b144b3516ed8e7d36ac) Importer(815301076,1909f56bfc062723c751e8b465ee728b)  -> (artifact id: 'c457be37de7cf02ba5a2b8aa5cc95479') in 0.216537 seconds
  Import took 0.286533 seconds .

========================================================================
Received Import Request.
  Time since last request: 0.000652 seconds.
  path: Packages/com.unity.render-pipelines.core/Runtime/Debugging/Prefabs/Widgets/DebugUI Group.prefab
  artifactKey: Guid(38a07789c9e87004dad98c2909f58369) Importer(815301076,1909f56bfc062723c751e8b465ee728b)
Start importing Packages/com.unity.render-pipelines.core/Runtime/Debugging/Prefabs/Widgets/DebugUI Group.prefab using Guid(38a07789c9e87004dad98c2909f58369) Importer(815301076,1909f56bfc062723c751e8b465ee728b)  -> (artifact id: '8afb502932e89a104398ec762f6073c7') in 0.031280 seconds
  Import took 0.057262 seconds .

========================================================================
Received Import Request.
  Time since last request: 0.000321 seconds.
  path: Packages/com.unity.render-pipelines.core/Runtime/Debugging/Prefabs/Resources/DebugUI Persistent Canvas.prefab
  artifactKey: Guid(f6b1a0fe75d5009449cf55ae76220e2b) Importer(815301076,1909f56bfc062723c751e8b465ee728b)
Start importing Packages/com.unity.render-pipelines.core/Runtime/Debugging/Prefabs/Resources/DebugUI Persistent Canvas.prefab using Guid(f6b1a0fe75d5009449cf55ae76220e2b) Importer(815301076,1909f56bfc062723c751e8b465ee728b)  -> (artifact id: '0b8f9e2987def51d4df904719ce1e848') in 0.023981 seconds
  Import took 0.062691 seconds .

========================================================================
Received Import Request.
  Time since last request: 0.000324 seconds.
  path: Assets/Resources/RankSkipMat.mat
  artifactKey: Guid(b3e41c8cb9103fd4eb4c7dfcc6b9c427) Importer(815301076,1909f56bfc062723c751e8b465ee728b)
Start importing Assets/Resources/RankSkipMat.mat using Guid(b3e41c8cb9103fd4eb4c7dfcc6b9c427) Importer(815301076,1909f56bfc062723c751e8b465ee728b)  -> (artifact id: 'db8215cf9528b20b384c9da845cdb464') in 1.779791 seconds
  Import took 1.802272 seconds .

========================================================================
Received Import Request.
  Time since last request: 0.000319 seconds.
  path: Assets/Resources/RoundSkipMaterial.mat
  artifactKey: Guid(e1ceaeabdf5864f4ea6309e39725770a) Importer(815301076,1909f56bfc062723c751e8b465ee728b)
Start importing Assets/Resources/RoundSkipMaterial.mat using Guid(e1ceaeabdf5864f4ea6309e39725770a) Importer(815301076,1909f56bfc062723c751e8b465ee728b)  -> (artifact id: 'ddb802b4a86d8cad6266ae1d994897a5') in 1.030237 seconds
  Import took 1.069507 seconds .

========================================================================
Received Import Request.
  Time since last request: 0.000501 seconds.
  path: Assets/Resources/HandSkipMat.mat
  artifactKey: Guid(f0499bfe6800b0a4793159e805c2908f) Importer(815301076,1909f56bfc062723c751e8b465ee728b)
Start importing Assets/Resources/HandSkipMat.mat using Guid(f0499bfe6800b0a4793159e805c2908f) Importer(815301076,1909f56bfc062723c751e8b465ee728b)  -> (artifact id: '1884e8acd1f01e7c0263895a00181b1d') in 1.001247 seconds
  Import took 1.036408 seconds .

========================================================================
Received Import Request.
  Time since last request: 0.000300 seconds.
  path: Packages/com.unity.render-pipelines.core/Runtime/Debugging/Prefabs/Widgets/DebugUI Row.prefab
  artifactKey: Guid(2d019437ff89b8d44949727731cd9357) Importer(815301076,1909f56bfc062723c751e8b465ee728b)
Start importing Packages/com.unity.render-pipelines.core/Runtime/Debugging/Prefabs/Widgets/DebugUI Row.prefab using Guid(2d019437ff89b8d44949727731cd9357) Importer(815301076,1909f56bfc062723c751e8b465ee728b)  -> (artifact id: '17fe18e75ec0f2ff811eca3c93e59033') in 0.063074 seconds
  Import took 0.069442 seconds .

========================================================================
Received Import Request.
  Time since last request: 0.000297 seconds.
  path: Packages/com.unity.render-pipelines.core/Runtime/Debugging/Prefabs/Widgets/DebugUI ToggleHistory.prefab
  artifactKey: Guid(5088d0220f0c4df439cf06c5c270eacb) Importer(815301076,1909f56bfc062723c751e8b465ee728b)
Start importing Packages/com.unity.render-pipelines.core/Runtime/Debugging/Prefabs/Widgets/DebugUI ToggleHistory.prefab using Guid(5088d0220f0c4df439cf06c5c270eacb) Importer(815301076,1909f56bfc062723c751e8b465ee728b)  -> (artifact id: 'c99603b12e42c656a7fb3cc69739c7c6') in 0.052150 seconds
  Import took 0.077950 seconds .

========================================================================
Received Import Request.
  Time since last request: 0.000317 seconds.
  path: Packages/com.unity.render-pipelines.core/Runtime/Debugging/Prefabs/Widgets/DebugUI HBox.prefab
  artifactKey: Guid(f7f5e36797cf0c1408561665c67b179b) Importer(815301076,1909f56bfc062723c751e8b465ee728b)
Start importing Packages/com.unity.render-pipelines.core/Runtime/Debugging/Prefabs/Widgets/DebugUI HBox.prefab using Guid(f7f5e36797cf0c1408561665c67b179b) Importer(815301076,1909f56bfc062723c751e8b465ee728b)  -> (artifact id: '30ef561e8ee6f42a9114aa364649d744') in 0.005089 seconds
  Import took 0.026826 seconds .

========================================================================
Received Import Request.
  Time since last request: 0.000305 seconds.
  path: Packages/com.unity.render-pipelines.core/Runtime/Debugging/Prefabs/Widgets/DebugUI Foldout.prefab
  artifactKey: Guid(1c87ab2ce8b8b304d98fbe9a734b1f74) Importer(815301076,1909f56bfc062723c751e8b465ee728b)
Start importing Packages/com.unity.render-pipelines.core/Runtime/Debugging/Prefabs/Widgets/DebugUI Foldout.prefab using Guid(1c87ab2ce8b8b304d98fbe9a734b1f74) Importer(815301076,1909f56bfc062723c751e8b465ee728b)  -> (artifact id: '5c3fe7dcf3664f93d0d614910fcc21d1') in 0.004921 seconds
  Import took 0.020036 seconds .

========================================================================
Received Import Request.
  Time since last request: 0.000347 seconds.
  path: Packages/com.unity.2d.spriteshape/Editor/ObjectMenuCreation/DefaultAssets/Sprite Shapes/Closed Sprite Shape.prefab
  artifactKey: Guid(c0583b4e855c74b8c82e7b9b5efb5ce9) Importer(815301076,1909f56bfc062723c751e8b465ee728b)
Start importing Packages/com.unity.2d.spriteshape/Editor/ObjectMenuCreation/DefaultAssets/Sprite Shapes/Closed Sprite Shape.prefab using Guid(c0583b4e855c74b8c82e7b9b5efb5ce9) Importer(815301076,1909f56bfc062723c751e8b465ee728b)  -> (artifact id: '2cce7a24742fd5e8a8ab2da20c69032f') in 0.067098 seconds
  Import took 0.085454 seconds .

========================================================================
Received Import Request.
  Time since last request: 0.000299 seconds.
  path: Assets/Resources/DOTweenSettings.asset
  artifactKey: Guid(baca081be14d7ec45954dc1d2e09206c) Importer(815301076,1909f56bfc062723c751e8b465ee728b)
Start importing Assets/Resources/DOTweenSettings.asset using Guid(baca081be14d7ec45954dc1d2e09206c) Importer(815301076,1909f56bfc062723c751e8b465ee728b)  -> (artifact id: 'cbfabd4fcc025207bc1c205ea4345c64') in 0.022919 seconds
  Import took 0.048056 seconds .

========================================================================
Received Import Request.
  Time since last request: 0.000283 seconds.
  path: Packages/com.unity.render-pipelines.core/Runtime/Debugging/Prefabs/Widgets/DebugUI Panel.prefab
  artifactKey: Guid(daa46a58178a6ad41ae1ddc2dc7f856d) Importer(815301076,1909f56bfc062723c751e8b465ee728b)
Start importing Packages/com.unity.render-pipelines.core/Runtime/Debugging/Prefabs/Widgets/DebugUI Panel.prefab using Guid(daa46a58178a6ad41ae1ddc2dc7f856d) Importer(815301076,1909f56bfc062723c751e8b465ee728b)  -> (artifact id: '90525d92a120443c0a9abb3b8852cf22') in 0.013028 seconds
  Import took 0.046677 seconds .

========================================================================
Received Import Request.
  Time since last request: 0.000254 seconds.
  path: Packages/com.unity.render-pipelines.core/Runtime/Debugging/Prefabs/Widgets/DebugUI UIntField.prefab
  artifactKey: Guid(f22bcc84a5f4a1944b075a2c4ac71493) Importer(815301076,1909f56bfc062723c751e8b465ee728b)
Start importing Packages/com.unity.render-pipelines.core/Runtime/Debugging/Prefabs/Widgets/DebugUI UIntField.prefab using Guid(f22bcc84a5f4a1944b075a2c4ac71493) Importer(815301076,1909f56bfc062723c751e8b465ee728b)  -> (artifact id: '6e7ef1215a9624305038a72f4993b689') in 0.033338 seconds
  Import took 0.068442 seconds .

========================================================================
Received Import Request.
  Time since last request: 0.000460 seconds.
  path: Packages/com.unity.render-pipelines.core/Runtime/Debugging/Prefabs/Widgets/DebugUI Color.prefab
  artifactKey: Guid(77c185820dd1a464eac89cae3abccddf) Importer(815301076,1909f56bfc062723c751e8b465ee728b)
Start importing Packages/com.unity.render-pipelines.core/Runtime/Debugging/Prefabs/Widgets/DebugUI Color.prefab using Guid(77c185820dd1a464eac89cae3abccddf) Importer(815301076,1909f56bfc062723c751e8b465ee728b)  -> (artifact id: 'a105a046fba017d436298a8032bdb504') in 0.009034 seconds
  Import took 0.024637 seconds .

========================================================================
Received Import Request.
  Time since last request: 0.000371 seconds.
  path: Assets/Samples/Visual Effect Graph/10.5.1/VisualEffectGraph Additions/Prefabs/Bonfire.prefab
  artifactKey: Guid(66827c59bc6abbc4ca6634d6c119529d) Importer(815301076,1909f56bfc062723c751e8b465ee728b)
Start importing Assets/Samples/Visual Effect Graph/10.5.1/VisualEffectGraph Additions/Prefabs/Bonfire.prefab using Guid(66827c59bc6abbc4ca6634d6c119529d) Importer(815301076,1909f56bfc062723c751e8b465ee728b)  -> (artifact id: '194ea1671c3f769381b003525b37c01e') in 0.330442 seconds
  Import took 0.363654 seconds .

========================================================================
Received Import Request.
  Time since last request: 0.000259 seconds.
  path: Packages/com.unity.render-pipelines.core/Runtime/Debugging/Prefabs/Widgets/DebugUI Button.prefab
  artifactKey: Guid(f6ce33b91f6ffe54cadacbf4bb112440) Importer(815301076,1909f56bfc062723c751e8b465ee728b)
Start importing Packages/com.unity.render-pipelines.core/Runtime/Debugging/Prefabs/Widgets/DebugUI Button.prefab using Guid(f6ce33b91f6ffe54cadacbf4bb112440) Importer(815301076,1909f56bfc062723c751e8b465ee728b)  -> (artifact id: 'f156d650df4486540cf57b67dcd83793') in 0.008411 seconds
  Import took 0.050322 seconds .

========================================================================
Received Import Request.
  Time since last request: 0.000333 seconds.
  path: Packages/com.unity.render-pipelines.core/Runtime/Debugging/Prefabs/Widgets/DebugUI IntField.prefab
  artifactKey: Guid(ae00bb75e0cd5b04b8fe7fb4ab662629) Importer(815301076,1909f56bfc062723c751e8b465ee728b)
Start importing Packages/com.unity.render-pipelines.core/Runtime/Debugging/Prefabs/Widgets/DebugUI IntField.prefab using Guid(ae00bb75e0cd5b04b8fe7fb4ab662629) Importer(815301076,1909f56bfc062723c751e8b465ee728b)  -> (artifact id: 'd4fe9ef0493d803b9ac90fc5d4755a35') in 0.004219 seconds
  Import took 0.020918 seconds .

========================================================================
Received Import Request.
  Time since last request: 0.000302 seconds.
  path: Packages/com.unity.render-pipelines.core/Runtime/Debugging/Prefabs/Widgets/DebugUI EnumField.prefab
  artifactKey: Guid(988db55689193434fb0b3b89538f978f) Importer(815301076,1909f56bfc062723c751e8b465ee728b)
Start importing Packages/com.unity.render-pipelines.core/Runtime/Debugging/Prefabs/Widgets/DebugUI EnumField.prefab using Guid(988db55689193434fb0b3b89538f978f) Importer(815301076,1909f56bfc062723c751e8b465ee728b)  -> (artifact id: '9119d7ed84615a08aa72b310287aeada') in 0.004091 seconds
  Import took 0.029176 seconds .

========================================================================
Received Import Request.
  Time since last request: 0.000310 seconds.
  path: Packages/com.unity.render-pipelines.core/Runtime/Debugging/Prefabs/Widgets/DebugUI FloatField.prefab
  artifactKey: Guid(7d4fd3415ea7dd64bbcfe13fb48a730b) Importer(815301076,1909f56bfc062723c751e8b465ee728b)
Start importing Packages/com.unity.render-pipelines.core/Runtime/Debugging/Prefabs/Widgets/DebugUI FloatField.prefab using Guid(7d4fd3415ea7dd64bbcfe13fb48a730b) Importer(815301076,1909f56bfc062723c751e8b465ee728b)  -> (artifact id: 'af04fb2b8f3c4fa2627fce2c7b55295e') in 0.004781 seconds
  Import took 0.049461 seconds .

========================================================================
Received Import Request.
  Time since last request: 0.000280 seconds.
  path: Assets/Resources/NametagSkip.mat
  artifactKey: Guid(c9b5d6557244ad943bbcfff8b6d84eed) Importer(815301076,1909f56bfc062723c751e8b465ee728b)
Start importing Assets/Resources/NametagSkip.mat using Guid(c9b5d6557244ad943bbcfff8b6d84eed) Importer(815301076,1909f56bfc062723c751e8b465ee728b)  -> (artifact id: 'f97ad41341c7e642f7e4a1a3c7a90a84') in 1.006515 seconds
  Import took 1.035792 seconds .

========================================================================
Received Import Request.
  Time since last request: 0.000301 seconds.
  path: Packages/com.unity.render-pipelines.core/Runtime/Debugging/Prefabs/Widgets/DebugUI BitField.prefab
  artifactKey: Guid(7c78b588b2e1f7c4a86ca4a985cf6e4a) Importer(815301076,1909f56bfc062723c751e8b465ee728b)
Start importing Packages/com.unity.render-pipelines.core/Runtime/Debugging/Prefabs/Widgets/DebugUI BitField.prefab using Guid(7c78b588b2e1f7c4a86ca4a985cf6e4a) Importer(815301076,1909f56bfc062723c751e8b465ee728b)  -> (artifact id: '5e67e8107717c4b5644a650f7cc15d06') in 0.013402 seconds
  Import took 0.023499 seconds .

========================================================================
Received Import Request.
  Time since last request: 0.000258 seconds.
  path: Assets/SpaceAssets/Prefabs/Comet.prefab
  artifactKey: Guid(7498c3226cdb7df49856fae2f922c58c) Importer(815301076,1909f56bfc062723c751e8b465ee728b)
Start importing Assets/SpaceAssets/Prefabs/Comet.prefab using Guid(7498c3226cdb7df49856fae2f922c58c) Importer(815301076,1909f56bfc062723c751e8b465ee728b)  -> (artifact id: 'e3ddeb0619e75a0e2ebfef381a2277b2') in 0.028783 seconds
  Import took 0.056606 seconds .

========================================================================
Received Import Request.
  Time since last request: 0.000294 seconds.
  path: Packages/com.unity.render-pipelines.core/Runtime/Debugging/Prefabs/Resources/DebugUI Canvas.prefab
  artifactKey: Guid(cf6cbdd672089a84796e55a21fed1cbe) Importer(815301076,1909f56bfc062723c751e8b465ee728b)
Start importing Packages/com.unity.render-pipelines.core/Runtime/Debugging/Prefabs/Resources/DebugUI Canvas.prefab using Guid(cf6cbdd672089a84796e55a21fed1cbe) Importer(815301076,1909f56bfc062723c751e8b465ee728b)  -> (artifact id: '43321f3fb00124ffc497d9f896f539d2') in 0.073227 seconds
  Import took 0.080955 seconds .

========================================================================
Received Import Request.
  Time since last request: 0.000316 seconds.
  path: Packages/com.unity.render-pipelines.core/Runtime/Debugging/Prefabs/Widgets/DebugUI Toggle.prefab
  artifactKey: Guid(ce347ad101f41ee4ab5c3fbc0ea447db) Importer(815301076,1909f56bfc062723c751e8b465ee728b)
Start importing Packages/com.unity.render-pipelines.core/Runtime/Debugging/Prefabs/Widgets/DebugUI Toggle.prefab using Guid(ce347ad101f41ee4ab5c3fbc0ea447db) Importer(815301076,1909f56bfc062723c751e8b465ee728b)  -> (artifact id: 'd54c056a84d15e05e20f7a2cf365953e') in 0.005376 seconds
  Import took 0.011280 seconds .

========================================================================
Received Prepare
Registering precompiled user dll's ...
Registered in 0.031087 seconds.
Begin MonoManager ReloadAssembly
Native extension for WindowsStandalone target not found
Native extension for OSXStandalone target not found
Native extension for WebGL target not found
Refreshing native plugins compatible for Editor in 0.88 ms, found 3 plugins.
Preloading 0 native plugins for Editor in 0.00 ms.
Mono: successfully reloaded assembly
- Completed reload, in  1.999 seconds
Platform modules already initialized, skipping
Refreshing native plugins compatible for Editor in 0.93 ms, found 3 plugins.
Preloading 0 native plugins for Editor in 0.00 ms.
Unloading 3694 Unused Serialized files (Serialized files now loaded: 0)
System memory in use before: 165.9 MB.
System memory in use after: 166.0 MB.

Unloading 56 unused Assets to reduce memory usage. Loaded Objects now: 4262.
Total: 29.762200 ms (FindLiveObjects: 0.346200 ms CreateObjectMapping: 0.204100 ms MarkObjects: 29.076200 ms  DeleteObjects: 0.134200 ms)

========================================================================
Received Prepare
Registering precompiled user dll's ...
Registered in 0.018624 seconds.
Begin MonoManager ReloadAssembly
Native extension for WindowsStandalone target not found
Native extension for OSXStandalone target not found
Native extension for WebGL target not found
Refreshing native plugins compatible for Editor in 0.88 ms, found 3 plugins.
Preloading 0 native plugins for Editor in 0.00 ms.
Mono: successfully reloaded assembly
- Completed reload, in  1.821 seconds
Platform modules already initialized, skipping
Refreshing native plugins compatible for Editor in 0.90 ms, found 3 plugins.
Preloading 0 native plugins for Editor in 0.00 ms.
Unloading 3694 Unused Serialized files (Serialized files now loaded: 0)
System memory in use before: 175.7 MB.
System memory in use after: 175.8 MB.

Unloading 55 unused Assets to reduce memory usage. Loaded Objects now: 4266.
Total: 27.764700 ms (FindLiveObjects: 0.306800 ms CreateObjectMapping: 0.172500 ms MarkObjects: 27.162100 ms  DeleteObjects: 0.121800 ms)

========================================================================
Received Prepare
Refreshing native plugins compatible for Editor in 18.66 ms, found 3 plugins.
Preloading 0 native plugins for Editor in 0.00 ms.
Unloading 53 Unused Serialized files (Serialized files now loaded: 0)
System memory in use before: 87.8 MB.
System memory in use after: 87.9 MB.

Unloading 53 unused Assets to reduce memory usage. Loaded Objects now: 4266.
Total: 29.240900 ms (FindLiveObjects: 0.302700 ms CreateObjectMapping: 0.173000 ms MarkObjects: 28.636300 ms  DeleteObjects: 0.127600 ms)

========================================================================
Received Prepare
Refreshing native plugins compatible for Editor in 17.52 ms, found 3 plugins.
Preloading 0 native plugins for Editor in 0.00 ms.
Unloading 53 Unused Serialized files (Serialized files now loaded: 0)
System memory in use before: 87.8 MB.
System memory in use after: 87.9 MB.

Unloading 53 unused Assets to reduce memory usage. Loaded Objects now: 4266.
Total: 29.296800 ms (FindLiveObjects: 0.319300 ms CreateObjectMapping: 0.183200 ms MarkObjects: 28.661900 ms  DeleteObjects: 0.131100 ms)

========================================================================
Received Import Request.
  Time since last request: 2152.632118 seconds.
  path: Assets/Audio/Mixer.mixer
  artifactKey: Guid(ca7a458b222afd8408ffabe8e1f4231a) Importer(815301076,1909f56bfc062723c751e8b465ee728b)
Start importing Assets/Audio/Mixer.mixer using Guid(ca7a458b222afd8408ffabe8e1f4231a) Importer(815301076,1909f56bfc062723c751e8b465ee728b)  -> (artifact id: 'e90c1079bb15e6679b58ef6a2b1e7564') in 0.127672 seconds
  Import took 0.210776 seconds .

========================================================================
Received Import Request.
  Time since last request: 12.800361 seconds.
  path: Assets/Resources/Sprites/ChiliStandSquare.png
  artifactKey: Guid(72580e36416d39b4394913bdf24d91d0) Importer(815301076,1909f56bfc062723c751e8b465ee728b)
Start importing Assets/Resources/Sprites/ChiliStandSquare.png using Guid(72580e36416d39b4394913bdf24d91d0) Importer(815301076,1909f56bfc062723c751e8b465ee728b)  -> (artifact id: '539746abe970dc98c8e05394998cf992') in 0.451146 seconds
  Import took 0.485647 seconds .

========================================================================
Received Import Request.
  Time since last request: 0.000338 seconds.
  path: Assets/Resources/Sprites/ChiliStandSquareMonoCutin.png
  artifactKey: Guid(7229178a19c27a94d809249bbc8b24fb) Importer(815301076,1909f56bfc062723c751e8b465ee728b)
Start importing Assets/Resources/Sprites/ChiliStandSquareMonoCutin.png using Guid(7229178a19c27a94d809249bbc8b24fb) Importer(815301076,1909f56bfc062723c751e8b465ee728b)  -> (artifact id: '3b6bd5aec9131c87d1c6d9492ceb4f80') in 0.105871 seconds
  Import took 0.132397 seconds .

