Using pre-set license
Built from '2020.3/staging' branch; Version is '2020.3.10f1 (297d780c91bc) revision 2719096'; Using compiler version '192528614'; Build Type 'Release'
OS: 'Windows 10 Home; OS build 19043.1237; Version 2009; 64bit' Language: 'ja' Physical Memory: 16305 MB
BatchMode: 1, IsHumanControllingUs: 0, StartBugReporterOnCrash: 0, Is64bit: 1, IsPro: 0

 COMMAND LINE ARGUMENTS:
D:\UnityEditor\2020.3.10f1\Editor\Unity.exe
-adb2
-batchMode
-noUpm
-name
AssetImportWorker2
-projectPath
D:/UnityProjects/UchuuJanken
-logFile
Logs/AssetImportWorker2.log
-srvPort
58726
Successfully changed project path to: D:/UnityProjects/UchuuJanken
D:/UnityProjects/UchuuJanken
Using Asset Import Pipeline V2.
Refreshing native plugins compatible for Editor in 79.70 ms, found 3 plugins.
Preloading 0 native plugins for Editor in 0.00 ms.
Initialize engine version: 2020.3.10f1 (297d780c91bc)
[Subsystems] Discovering subsystems at path D:/UnityEditor/2020.3.10f1/Editor/Data/Resources/UnitySubsystems
[Subsystems] Discovering subsystems at path D:/UnityProjects/UchuuJanken/Assets
GfxDevice: creating device client; threaded=0
Direct3D:
    Version:  Direct3D 11.0 [level 11.1]
    Renderer: NVIDIA GeForce GTX 1660 (ID=0x2184)
    Vendor:   
    VRAM:     5991 MB
    Driver:   27.21.14.6089
Initialize mono
Mono path[0] = 'D:/UnityEditor/2020.3.10f1/Editor/Data/Managed'
Mono path[1] = 'D:/UnityEditor/2020.3.10f1/Editor/Data/MonoBleedingEdge/lib/mono/unityjit'
Mono config path = 'D:/UnityEditor/2020.3.10f1/Editor/Data/MonoBleedingEdge/etc'
Using monoOptions --debugger-agent=transport=dt_socket,embedding=1,server=y,suspend=n,address=127.0.0.1:56080
Begin MonoManager ReloadAssembly
Registering precompiled unity dll's ...
Register platform support module: D:/UnityEditor/2020.3.10f1/Editor/Data/PlaybackEngines/WebGLSupport/UnityEditor.WebGL.Extensions.dll
Register platform support module: D:/UnityEditor/2020.3.10f1/Editor/Data/PlaybackEngines/MacStandaloneSupport/UnityEditor.OSXStandalone.Extensions.dll
Register platform support module: D:/UnityEditor/2020.3.10f1/Editor/Data/PlaybackEngines/WindowsStandaloneSupport/UnityEditor.WindowsStandalone.Extensions.dll
Registered in 0.002224 seconds.
Native extension for WindowsStandalone target not found
Native extension for OSXStandalone target not found
Native extension for WebGL target not found
Refreshing native plugins compatible for Editor in 66.70 ms, found 3 plugins.
Preloading 0 native plugins for Editor in 0.00 ms.
Mono: successfully reloaded assembly
- Completed reload, in  3.311 seconds
Platform modules already initialized, skipping
Registering precompiled user dll's ...
Registered in 0.014114 seconds.
Begin MonoManager ReloadAssembly
Native extension for WindowsStandalone target not found
Native extension for OSXStandalone target not found
Native extension for WebGL target not found
Refreshing native plugins compatible for Editor in 65.66 ms, found 3 plugins.
Preloading 0 native plugins for Editor in 0.00 ms.
Mono: successfully reloaded assembly
- Completed reload, in  5.519 seconds
Platform modules already initialized, skipping
========================================================================
Worker process is ready to serve import requests
Launched and connected shader compiler UnityShaderCompiler.exe after 0.17 seconds
Refreshing native plugins compatible for Editor in 0.87 ms, found 3 plugins.
Preloading 0 native plugins for Editor in 0.00 ms.
Unloading 3751 Unused Serialized files (Serialized files now loaded: 0)
System memory in use before: 160.7 MB.
System memory in use after: 160.8 MB.

Unloading 67 unused Assets to reduce memory usage. Loaded Objects now: 4218.
Total: 26.940200 ms (FindLiveObjects: 0.285800 ms CreateObjectMapping: 0.153900 ms MarkObjects: 26.352600 ms  DeleteObjects: 0.146600 ms)

========================================================================
Received Import Request.
  path: Assets/Prefabs/SmallRankTAb.prefab
  artifactKey: Guid(7f72d6e3fceab2849a4ba8934240322d) Importer(815301076,1909f56bfc062723c751e8b465ee728b)
Start importing Assets/Prefabs/SmallRankTAb.prefab using Guid(7f72d6e3fceab2849a4ba8934240322d) Importer(815301076,1909f56bfc062723c751e8b465ee728b)  -> (artifact id: '9b1cdabf0f2afec331dab7be1d1ff014') in 1.543995 seconds
  Import took 1.574204 seconds .

========================================================================
Received Import Request.
  Time since last request: 648.634349 seconds.
  path: Assets/Resources/BGM/01 Dear My Dear.mp3
  artifactKey: Guid(dd2b1f0b85be7c14c9cb7dabbcc7bab1) Importer(815301076,1909f56bfc062723c751e8b465ee728b)
Start importing Assets/Resources/BGM/01 Dear My Dear.mp3 using Guid(dd2b1f0b85be7c14c9cb7dabbcc7bab1) Importer(815301076,1909f56bfc062723c751e8b465ee728b)  -> (artifact id: '72c7adc57bfb6b93ccee67cdf1b92003') in 0.283591 seconds
  Import took 0.339843 seconds .

========================================================================
Received Import Request.
  Time since last request: 0.000632 seconds.
  path: Assets/Resources/BGM/01 スカイスレイ.mp3
  artifactKey: Guid(1efe4f170ff2efb4380d858421569cc0) Importer(815301076,1909f56bfc062723c751e8b465ee728b)
Start importing Assets/Resources/BGM/01 スカイスレイ.mp3 using Guid(1efe4f170ff2efb4380d858421569cc0) Importer(815301076,1909f56bfc062723c751e8b465ee728b)  -> (artifact id: '5a9f7aebd3b29037f430dce482e2b9df') in 0.031150 seconds
  Import took 0.075638 seconds .

========================================================================
Received Import Request.
  Time since last request: 0.000212 seconds.
  path: Assets/Resources/BGM/01 Dear My Dear.mp3
  artifactKey: Guid(dd2b1f0b85be7c14c9cb7dabbcc7bab1) Importer(815301076,1909f56bfc062723c751e8b465ee728b)
Start importing Assets/Resources/BGM/01 Dear My Dear.mp3 using Guid(dd2b1f0b85be7c14c9cb7dabbcc7bab1) Importer(815301076,1909f56bfc062723c751e8b465ee728b)  -> (artifact id: '72c7adc57bfb6b93ccee67cdf1b92003') in 0.013058 seconds
  Import took 0.025519 seconds .

========================================================================
Received Import Request.
  Time since last request: 0.000334 seconds.
  path: Assets/Samples/Visual Effect Graph/10.5.1/VisualEffectGraph Additions/VFX/Flames.vfx
  artifactKey: Guid(7bd183dba260d48499f98eb7980dbe78) Importer(815301076,1909f56bfc062723c751e8b465ee728b)
Start importing Assets/Samples/Visual Effect Graph/10.5.1/VisualEffectGraph Additions/VFX/Flames.vfx using Guid(7bd183dba260d48499f98eb7980dbe78) Importer(815301076,1909f56bfc062723c751e8b465ee728b)  -> (artifact id: '31369eef94cf81bbcbddc2215b700026') in 0.088499 seconds
  Import took 0.130383 seconds .

========================================================================
Received Import Request.
  Time since last request: 0.000403 seconds.
  path: Assets/Resources/BGM/01 スカイスレイ.mp3
  artifactKey: Guid(1efe4f170ff2efb4380d858421569cc0) Importer(815301076,1909f56bfc062723c751e8b465ee728b)
Start importing Assets/Resources/BGM/01 スカイスレイ.mp3 using Guid(1efe4f170ff2efb4380d858421569cc0) Importer(815301076,1909f56bfc062723c751e8b465ee728b)  -> (artifact id: '5a9f7aebd3b29037f430dce482e2b9df') in 0.009510 seconds
  Import took 0.014948 seconds .

========================================================================
Received Import Request.
  Time since last request: 0.000249 seconds.
  path: Assets/Resources/BGM/08 雪渓の華.mp3
  artifactKey: Guid(c3ab5729f4da5524f8b5741fe519e9b6) Importer(815301076,1909f56bfc062723c751e8b465ee728b)
Start importing Assets/Resources/BGM/08 雪渓の華.mp3 using Guid(c3ab5729f4da5524f8b5741fe519e9b6) Importer(815301076,1909f56bfc062723c751e8b465ee728b)  -> (artifact id: 'a54623a03f18f3b87bbd646c2c52c13f') in 0.040652 seconds
  Import took 0.063467 seconds .

========================================================================
Received Import Request.
  Time since last request: 0.000227 seconds.
  path: Assets/Samples/Visual Effect Graph/10.5.1/VisualEffectGraph Additions/VFX/Bonfire.vfx
  artifactKey: Guid(802baa82f72c9374dbfe0f8119568ca7) Importer(815301076,1909f56bfc062723c751e8b465ee728b)
Start importing Assets/Samples/Visual Effect Graph/10.5.1/VisualEffectGraph Additions/VFX/Bonfire.vfx using Guid(802baa82f72c9374dbfe0f8119568ca7) Importer(815301076,1909f56bfc062723c751e8b465ee728b)  -> (artifact id: '9fe8101b99a23d90a167ac390cd435ca') in 0.062532 seconds
  Import took 0.144090 seconds .

========================================================================
Received Import Request.
  Time since last request: 0.000212 seconds.
  path: Assets/Resources/BGM/18 harvest dance ～Piano Version～.mp3
  artifactKey: Guid(c778ae9e1cc4343408b12f69d8e293da) Importer(815301076,1909f56bfc062723c751e8b465ee728b)
Start importing Assets/Resources/BGM/18 harvest dance ～Piano Version～.mp3 using Guid(c778ae9e1cc4343408b12f69d8e293da) Importer(815301076,1909f56bfc062723c751e8b465ee728b)  -> (artifact id: '12a728c785d09b9b2aa5b10f8d747b60') in 0.050558 seconds
  Import took 0.072221 seconds .

========================================================================
Received Import Request.
  Time since last request: 0.000259 seconds.
  path: Assets/Resources/BGM/09 カザネビ ～Long Version～.mp3
  artifactKey: Guid(528f4bceee0ded144811c8800ee46127) Importer(815301076,1909f56bfc062723c751e8b465ee728b)
Start importing Assets/Resources/BGM/09 カザネビ ～Long Version～.mp3 using Guid(528f4bceee0ded144811c8800ee46127) Importer(815301076,1909f56bfc062723c751e8b465ee728b)  -> (artifact id: 'd87b48ec0cac893f594af0ba2a7f6f59') in 0.037511 seconds
  Import took 0.062933 seconds .

========================================================================
Received Import Request.
  Time since last request: 0.000261 seconds.
  path: Assets/Resources/BGM/16 バトルオブアリウープ.mp3
  artifactKey: Guid(42a52476be0cb4f4aa5cf665a21f70a0) Importer(815301076,1909f56bfc062723c751e8b465ee728b)
Start importing Assets/Resources/BGM/16 バトルオブアリウープ.mp3 using Guid(42a52476be0cb4f4aa5cf665a21f70a0) Importer(815301076,1909f56bfc062723c751e8b465ee728b)  -> (artifact id: '4353f56f05059d48c15f5ce03b083d3d') in 0.039256 seconds
  Import took 0.074321 seconds .

========================================================================
Received Import Request.
  Time since last request: 0.000289 seconds.
  path: Assets/Resources/BGM/02 バンバード ～Piano Version～.wav
  artifactKey: Guid(73ee362fffc270d4cbce27267ec17629) Importer(815301076,1909f56bfc062723c751e8b465ee728b)
Start importing Assets/Resources/BGM/02 バンバード ～Piano Version～.wav using Guid(73ee362fffc270d4cbce27267ec17629) Importer(815301076,1909f56bfc062723c751e8b465ee728b)  -> (artifact id: 'b2a5139104399d4b62a2f27ac55a220c') in 0.125495 seconds
  Import took 0.173997 seconds .

========================================================================
Received Import Request.
  Time since last request: 0.071099 seconds.
  path: Assets/Samples/Visual Effect Graph/10.5.1/VisualEffectGraph Additions/VFX/Lightning.vfx
  artifactKey: Guid(ec44b98d7fa7d6240ae46abe9bee0f92) Importer(815301076,1909f56bfc062723c751e8b465ee728b)
Start importing Assets/Samples/Visual Effect Graph/10.5.1/VisualEffectGraph Additions/VFX/Lightning.vfx using Guid(ec44b98d7fa7d6240ae46abe9bee0f92) Importer(815301076,1909f56bfc062723c751e8b465ee728b)  -> (artifact id: 'c73f50d74500c74b023087e7f25debaa') in 0.029934 seconds
  Import took 0.062476 seconds .

========================================================================
Received Prepare
Registering precompiled user dll's ...
Registered in 0.700332 seconds.
Begin MonoManager ReloadAssembly
Native extension for WindowsStandalone target not found
Native extension for OSXStandalone target not found
Native extension for WebGL target not found
Refreshing native plugins compatible for Editor in 0.89 ms, found 3 plugins.
Preloading 0 native plugins for Editor in 0.00 ms.
Mono: successfully reloaded assembly
- Completed reload, in  1.956 seconds
Platform modules already initialized, skipping
Refreshing native plugins compatible for Editor in 0.97 ms, found 3 plugins.
Preloading 0 native plugins for Editor in 0.00 ms.
Unloading 3694 Unused Serialized files (Serialized files now loaded: 0)
System memory in use before: 174.9 MB.
System memory in use after: 175.0 MB.

Unloading 55 unused Assets to reduce memory usage. Loaded Objects now: 4231.
Total: 30.212500 ms (FindLiveObjects: 0.328800 ms CreateObjectMapping: 0.210200 ms MarkObjects: 29.478500 ms  DeleteObjects: 0.193700 ms)

========================================================================
Received Prepare
Registering precompiled user dll's ...
Registered in 0.014144 seconds.
Begin MonoManager ReloadAssembly
Native extension for WindowsStandalone target not found
Native extension for OSXStandalone target not found
Native extension for WebGL target not found
Refreshing native plugins compatible for Editor in 0.97 ms, found 3 plugins.
Preloading 0 native plugins for Editor in 0.00 ms.
Mono: successfully reloaded assembly
- Completed reload, in  2.133 seconds
Platform modules already initialized, skipping
Refreshing native plugins compatible for Editor in 1.01 ms, found 3 plugins.
Preloading 0 native plugins for Editor in 0.00 ms.
Unloading 3694 Unused Serialized files (Serialized files now loaded: 0)
System memory in use before: 165.2 MB.
System memory in use after: 165.3 MB.

Unloading 55 unused Assets to reduce memory usage. Loaded Objects now: 4235.
Total: 28.578000 ms (FindLiveObjects: 0.319400 ms CreateObjectMapping: 0.226400 ms MarkObjects: 27.902600 ms  DeleteObjects: 0.128400 ms)

========================================================================
Received Prepare
Registering precompiled user dll's ...
Registered in 0.015017 seconds.
Begin MonoManager ReloadAssembly
Native extension for WindowsStandalone target not found
Native extension for OSXStandalone target not found
Native extension for WebGL target not found
Refreshing native plugins compatible for Editor in 0.89 ms, found 3 plugins.
Preloading 0 native plugins for Editor in 0.00 ms.
Mono: successfully reloaded assembly
- Completed reload, in  1.911 seconds
Platform modules already initialized, skipping
Refreshing native plugins compatible for Editor in 0.88 ms, found 3 plugins.
Preloading 0 native plugins for Editor in 0.00 ms.
Unloading 3694 Unused Serialized files (Serialized files now loaded: 0)
System memory in use before: 175.0 MB.
System memory in use after: 175.1 MB.

Unloading 55 unused Assets to reduce memory usage. Loaded Objects now: 4239.
Total: 28.343700 ms (FindLiveObjects: 0.363200 ms CreateObjectMapping: 0.289800 ms MarkObjects: 27.562900 ms  DeleteObjects: 0.126200 ms)

========================================================================
Received Prepare
Registering precompiled user dll's ...
Registered in 0.017385 seconds.
Begin MonoManager ReloadAssembly
Native extension for WindowsStandalone target not found
Native extension for OSXStandalone target not found
Native extension for WebGL target not found
Refreshing native plugins compatible for Editor in 0.88 ms, found 3 plugins.
Preloading 0 native plugins for Editor in 0.00 ms.
Mono: successfully reloaded assembly
- Completed reload, in  1.879 seconds
Platform modules already initialized, skipping
Refreshing native plugins compatible for Editor in 0.89 ms, found 3 plugins.
Preloading 0 native plugins for Editor in 0.00 ms.
Unloading 3694 Unused Serialized files (Serialized files now loaded: 0)
System memory in use before: 165.3 MB.
System memory in use after: 165.4 MB.

Unloading 55 unused Assets to reduce memory usage. Loaded Objects now: 4243.
Total: 32.418800 ms (FindLiveObjects: 0.335000 ms CreateObjectMapping: 0.214000 ms MarkObjects: 31.737900 ms  DeleteObjects: 0.130600 ms)

========================================================================
Received Prepare
Registering precompiled user dll's ...
Registered in 0.014814 seconds.
Begin MonoManager ReloadAssembly
Native extension for WindowsStandalone target not found
Native extension for OSXStandalone target not found
Native extension for WebGL target not found
Refreshing native plugins compatible for Editor in 0.88 ms, found 3 plugins.
Preloading 0 native plugins for Editor in 0.00 ms.
Mono: successfully reloaded assembly
- Completed reload, in  1.882 seconds
Platform modules already initialized, skipping
Refreshing native plugins compatible for Editor in 0.89 ms, found 3 plugins.
Preloading 0 native plugins for Editor in 0.00 ms.
Unloading 3694 Unused Serialized files (Serialized files now loaded: 0)
System memory in use before: 175.0 MB.
System memory in use after: 175.1 MB.

Unloading 55 unused Assets to reduce memory usage. Loaded Objects now: 4247.
Total: 28.992300 ms (FindLiveObjects: 0.356200 ms CreateObjectMapping: 0.217000 ms MarkObjects: 28.276900 ms  DeleteObjects: 0.141100 ms)

========================================================================
Received Prepare
Registering precompiled user dll's ...
Registered in 0.016412 seconds.
Begin MonoManager ReloadAssembly
Native extension for WindowsStandalone target not found
Native extension for OSXStandalone target not found
Native extension for WebGL target not found
Refreshing native plugins compatible for Editor in 0.98 ms, found 3 plugins.
Preloading 0 native plugins for Editor in 0.00 ms.
Mono: successfully reloaded assembly
- Completed reload, in  1.832 seconds
Platform modules already initialized, skipping
Refreshing native plugins compatible for Editor in 0.89 ms, found 3 plugins.
Preloading 0 native plugins for Editor in 0.00 ms.
Unloading 3694 Unused Serialized files (Serialized files now loaded: 0)
System memory in use before: 175.1 MB.
System memory in use after: 175.2 MB.

Unloading 55 unused Assets to reduce memory usage. Loaded Objects now: 4251.
Total: 27.922100 ms (FindLiveObjects: 0.312200 ms CreateObjectMapping: 0.280400 ms MarkObjects: 27.193500 ms  DeleteObjects: 0.134500 ms)

========================================================================
Received Prepare
Registering precompiled user dll's ...
Registered in 0.182250 seconds.
Begin MonoManager ReloadAssembly
Native extension for WindowsStandalone target not found
Native extension for OSXStandalone target not found
Native extension for WebGL target not found
Refreshing native plugins compatible for Editor in 0.88 ms, found 3 plugins.
Preloading 0 native plugins for Editor in 0.00 ms.
Mono: successfully reloaded assembly
- Completed reload, in  1.799 seconds
Platform modules already initialized, skipping
Refreshing native plugins compatible for Editor in 0.96 ms, found 3 plugins.
Preloading 0 native plugins for Editor in 0.00 ms.
Unloading 3694 Unused Serialized files (Serialized files now loaded: 0)
System memory in use before: 165.3 MB.
System memory in use after: 165.4 MB.

Unloading 55 unused Assets to reduce memory usage. Loaded Objects now: 4255.
Total: 27.284700 ms (FindLiveObjects: 0.340100 ms CreateObjectMapping: 0.208000 ms MarkObjects: 26.598600 ms  DeleteObjects: 0.136700 ms)

========================================================================
Received Prepare
Registering precompiled user dll's ...
Registered in 0.129808 seconds.
Begin MonoManager ReloadAssembly
Native extension for WindowsStandalone target not found
Native extension for OSXStandalone target not found
Native extension for WebGL target not found
Refreshing native plugins compatible for Editor in 0.90 ms, found 3 plugins.
Preloading 0 native plugins for Editor in 0.00 ms.
Mono: successfully reloaded assembly
- Completed reload, in  1.865 seconds
Platform modules already initialized, skipping
Refreshing native plugins compatible for Editor in 0.92 ms, found 3 plugins.
Preloading 0 native plugins for Editor in 0.00 ms.
Unloading 3694 Unused Serialized files (Serialized files now loaded: 0)
System memory in use before: 165.3 MB.
System memory in use after: 165.4 MB.

Unloading 55 unused Assets to reduce memory usage. Loaded Objects now: 4259.
Total: 27.670200 ms (FindLiveObjects: 0.344100 ms CreateObjectMapping: 0.197800 ms MarkObjects: 26.985700 ms  DeleteObjects: 0.141200 ms)

========================================================================
Received Prepare
Registering precompiled user dll's ...
Registered in 0.014078 seconds.
Begin MonoManager ReloadAssembly
Native extension for WindowsStandalone target not found
Native extension for OSXStandalone target not found
Native extension for WebGL target not found
Refreshing native plugins compatible for Editor in 0.88 ms, found 3 plugins.
Preloading 0 native plugins for Editor in 0.00 ms.
Mono: successfully reloaded assembly
- Completed reload, in  1.848 seconds
Platform modules already initialized, skipping
Refreshing native plugins compatible for Editor in 0.90 ms, found 3 plugins.
Preloading 0 native plugins for Editor in 0.00 ms.
Unloading 3694 Unused Serialized files (Serialized files now loaded: 0)
System memory in use before: 165.3 MB.
System memory in use after: 165.4 MB.

Unloading 55 unused Assets to reduce memory usage. Loaded Objects now: 4263.
Total: 29.052600 ms (FindLiveObjects: 0.324100 ms CreateObjectMapping: 0.201300 ms MarkObjects: 28.376500 ms  DeleteObjects: 0.149200 ms)

========================================================================
Received Prepare
Registering precompiled user dll's ...
Registered in 0.020741 seconds.
Begin MonoManager ReloadAssembly
Native extension for WindowsStandalone target not found
Native extension for OSXStandalone target not found
Native extension for WebGL target not found
Refreshing native plugins compatible for Editor in 0.90 ms, found 3 plugins.
Preloading 0 native plugins for Editor in 0.00 ms.
Mono: successfully reloaded assembly
- Completed reload, in  1.804 seconds
Platform modules already initialized, skipping
Refreshing native plugins compatible for Editor in 0.88 ms, found 3 plugins.
Preloading 0 native plugins for Editor in 0.00 ms.
Unloading 3694 Unused Serialized files (Serialized files now loaded: 0)
System memory in use before: 165.3 MB.
System memory in use after: 165.4 MB.

Unloading 55 unused Assets to reduce memory usage. Loaded Objects now: 4267.
Total: 28.795600 ms (FindLiveObjects: 0.307700 ms CreateObjectMapping: 0.213100 ms MarkObjects: 28.138700 ms  DeleteObjects: 0.135100 ms)

========================================================================
Received Prepare
Registering precompiled user dll's ...
Registered in 0.015316 seconds.
Begin MonoManager ReloadAssembly
Native extension for WindowsStandalone target not found
Native extension for OSXStandalone target not found
Native extension for WebGL target not found
Refreshing native plugins compatible for Editor in 0.92 ms, found 3 plugins.
Preloading 0 native plugins for Editor in 0.00 ms.
Mono: successfully reloaded assembly
- Completed reload, in  1.809 seconds
Platform modules already initialized, skipping
Refreshing native plugins compatible for Editor in 1.00 ms, found 3 plugins.
Preloading 0 native plugins for Editor in 0.00 ms.
Unloading 3694 Unused Serialized files (Serialized files now loaded: 0)
System memory in use before: 165.4 MB.
System memory in use after: 165.5 MB.

Unloading 55 unused Assets to reduce memory usage. Loaded Objects now: 4271.
Total: 29.131900 ms (FindLiveObjects: 0.413300 ms CreateObjectMapping: 0.211500 ms MarkObjects: 28.364200 ms  DeleteObjects: 0.141300 ms)

========================================================================
Received Prepare
Registering precompiled user dll's ...
Registered in 0.016078 seconds.
Begin MonoManager ReloadAssembly
Native extension for WindowsStandalone target not found
Native extension for OSXStandalone target not found
Native extension for WebGL target not found
Refreshing native plugins compatible for Editor in 0.98 ms, found 3 plugins.
Preloading 0 native plugins for Editor in 0.00 ms.
Mono: successfully reloaded assembly
- Completed reload, in  1.941 seconds
Platform modules already initialized, skipping
Refreshing native plugins compatible for Editor in 0.90 ms, found 3 plugins.
Preloading 0 native plugins for Editor in 0.00 ms.
Unloading 3694 Unused Serialized files (Serialized files now loaded: 0)
System memory in use before: 165.4 MB.
System memory in use after: 165.5 MB.

Unloading 55 unused Assets to reduce memory usage. Loaded Objects now: 4275.
Total: 27.521500 ms (FindLiveObjects: 0.306400 ms CreateObjectMapping: 0.176300 ms MarkObjects: 26.904000 ms  DeleteObjects: 0.133500 ms)

========================================================================
Received Prepare
Registering precompiled user dll's ...
Registered in 0.014246 seconds.
Begin MonoManager ReloadAssembly
Native extension for WindowsStandalone target not found
Native extension for OSXStandalone target not found
Native extension for WebGL target not found
Refreshing native plugins compatible for Editor in 0.88 ms, found 3 plugins.
Preloading 0 native plugins for Editor in 0.00 ms.
Mono: successfully reloaded assembly
- Completed reload, in  1.858 seconds
Platform modules already initialized, skipping
Refreshing native plugins compatible for Editor in 0.89 ms, found 3 plugins.
Preloading 0 native plugins for Editor in 0.00 ms.
Unloading 3694 Unused Serialized files (Serialized files now loaded: 0)
System memory in use before: 165.4 MB.
System memory in use after: 165.5 MB.

Unloading 55 unused Assets to reduce memory usage. Loaded Objects now: 4279.
Total: 28.422100 ms (FindLiveObjects: 0.319300 ms CreateObjectMapping: 0.205100 ms MarkObjects: 27.766400 ms  DeleteObjects: 0.129900 ms)

========================================================================
Received Prepare
Registering precompiled user dll's ...
Registered in 0.015019 seconds.
Begin MonoManager ReloadAssembly
Native extension for WindowsStandalone target not found
Native extension for OSXStandalone target not found
Native extension for WebGL target not found
Refreshing native plugins compatible for Editor in 1.05 ms, found 3 plugins.
Preloading 0 native plugins for Editor in 0.00 ms.
Mono: successfully reloaded assembly
- Completed reload, in  1.826 seconds
Platform modules already initialized, skipping
Refreshing native plugins compatible for Editor in 0.90 ms, found 3 plugins.
Preloading 0 native plugins for Editor in 0.00 ms.
Unloading 3694 Unused Serialized files (Serialized files now loaded: 0)
System memory in use before: 165.4 MB.
System memory in use after: 165.5 MB.

Unloading 55 unused Assets to reduce memory usage. Loaded Objects now: 4283.
Total: 28.446100 ms (FindLiveObjects: 0.316100 ms CreateObjectMapping: 0.192100 ms MarkObjects: 27.804200 ms  DeleteObjects: 0.132500 ms)

========================================================================
Received Prepare
Registering precompiled user dll's ...
Registered in 0.016806 seconds.
Begin MonoManager ReloadAssembly
Native extension for WindowsStandalone target not found
Native extension for OSXStandalone target not found
Native extension for WebGL target not found
Refreshing native plugins compatible for Editor in 0.88 ms, found 3 plugins.
Preloading 0 native plugins for Editor in 0.00 ms.
Mono: successfully reloaded assembly
- Completed reload, in  1.833 seconds
Platform modules already initialized, skipping
Refreshing native plugins compatible for Editor in 0.94 ms, found 3 plugins.
Preloading 0 native plugins for Editor in 0.00 ms.
Unloading 3694 Unused Serialized files (Serialized files now loaded: 0)
System memory in use before: 165.4 MB.
System memory in use after: 165.5 MB.

Unloading 55 unused Assets to reduce memory usage. Loaded Objects now: 4287.
Total: 28.607400 ms (FindLiveObjects: 0.318300 ms CreateObjectMapping: 0.196700 ms MarkObjects: 27.951000 ms  DeleteObjects: 0.140000 ms)

========================================================================
Received Prepare
Registering precompiled user dll's ...
Registered in 0.013895 seconds.
Begin MonoManager ReloadAssembly
Native extension for WindowsStandalone target not found
Native extension for OSXStandalone target not found
Native extension for WebGL target not found
Refreshing native plugins compatible for Editor in 0.89 ms, found 3 plugins.
Preloading 0 native plugins for Editor in 0.00 ms.
Mono: successfully reloaded assembly
- Completed reload, in  1.906 seconds
Platform modules already initialized, skipping
Refreshing native plugins compatible for Editor in 0.93 ms, found 3 plugins.
Preloading 0 native plugins for Editor in 0.00 ms.
Unloading 3694 Unused Serialized files (Serialized files now loaded: 0)
System memory in use before: 175.2 MB.
System memory in use after: 175.3 MB.

Unloading 55 unused Assets to reduce memory usage. Loaded Objects now: 4291.
Total: 28.030600 ms (FindLiveObjects: 0.326300 ms CreateObjectMapping: 0.198700 ms MarkObjects: 27.352600 ms  DeleteObjects: 0.151500 ms)

========================================================================
Received Prepare
Registering precompiled user dll's ...
Registered in 0.023583 seconds.
Begin MonoManager ReloadAssembly
Native extension for WindowsStandalone target not found
Native extension for OSXStandalone target not found
Native extension for WebGL target not found
Refreshing native plugins compatible for Editor in 0.89 ms, found 3 plugins.
Preloading 0 native plugins for Editor in 0.00 ms.
Mono: successfully reloaded assembly
- Completed reload, in  1.806 seconds
Platform modules already initialized, skipping
Refreshing native plugins compatible for Editor in 0.90 ms, found 3 plugins.
Preloading 0 native plugins for Editor in 0.00 ms.
Unloading 3694 Unused Serialized files (Serialized files now loaded: 0)
System memory in use before: 165.4 MB.
System memory in use after: 165.5 MB.

Unloading 55 unused Assets to reduce memory usage. Loaded Objects now: 4295.
Total: 28.613600 ms (FindLiveObjects: 0.317600 ms CreateObjectMapping: 0.206800 ms MarkObjects: 27.962700 ms  DeleteObjects: 0.125300 ms)

========================================================================
Received Prepare
Registering precompiled user dll's ...
Registered in 0.014932 seconds.
Begin MonoManager ReloadAssembly
Native extension for WindowsStandalone target not found
Native extension for OSXStandalone target not found
Native extension for WebGL target not found
Refreshing native plugins compatible for Editor in 1.05 ms, found 3 plugins.
Preloading 0 native plugins for Editor in 0.00 ms.
Mono: successfully reloaded assembly
- Completed reload, in  1.792 seconds
Platform modules already initialized, skipping
Refreshing native plugins compatible for Editor in 0.88 ms, found 3 plugins.
Preloading 0 native plugins for Editor in 0.00 ms.
Unloading 3694 Unused Serialized files (Serialized files now loaded: 0)
System memory in use before: 165.4 MB.
System memory in use after: 165.5 MB.

Unloading 55 unused Assets to reduce memory usage. Loaded Objects now: 4299.
Total: 26.854200 ms (FindLiveObjects: 0.302600 ms CreateObjectMapping: 0.179600 ms MarkObjects: 26.240000 ms  DeleteObjects: 0.131000 ms)

========================================================================
Received Prepare
Registering precompiled user dll's ...
Registered in 0.014716 seconds.
Begin MonoManager ReloadAssembly
Native extension for WindowsStandalone target not found
Native extension for OSXStandalone target not found
Native extension for WebGL target not found
Refreshing native plugins compatible for Editor in 1.55 ms, found 3 plugins.
Preloading 0 native plugins for Editor in 0.00 ms.
Mono: successfully reloaded assembly
- Completed reload, in  1.746 seconds
Platform modules already initialized, skipping
Refreshing native plugins compatible for Editor in 0.88 ms, found 3 plugins.
Preloading 0 native plugins for Editor in 0.00 ms.
Unloading 3694 Unused Serialized files (Serialized files now loaded: 0)
System memory in use before: 165.5 MB.
System memory in use after: 165.6 MB.

Unloading 55 unused Assets to reduce memory usage. Loaded Objects now: 4303.
Total: 28.130800 ms (FindLiveObjects: 0.351200 ms CreateObjectMapping: 0.382200 ms MarkObjects: 27.262900 ms  DeleteObjects: 0.133000 ms)

========================================================================
Received Prepare
Registering precompiled user dll's ...
Registered in 0.014548 seconds.
Begin MonoManager ReloadAssembly
Native extension for WindowsStandalone target not found
Native extension for OSXStandalone target not found
Native extension for WebGL target not found
Refreshing native plugins compatible for Editor in 0.89 ms, found 3 plugins.
Preloading 0 native plugins for Editor in 0.00 ms.
Mono: successfully reloaded assembly
- Completed reload, in  1.763 seconds
Platform modules already initialized, skipping
Refreshing native plugins compatible for Editor in 0.99 ms, found 3 plugins.
Preloading 0 native plugins for Editor in 0.00 ms.
Unloading 3694 Unused Serialized files (Serialized files now loaded: 0)
System memory in use before: 165.5 MB.
System memory in use after: 165.6 MB.

Unloading 55 unused Assets to reduce memory usage. Loaded Objects now: 4307.
Total: 26.767400 ms (FindLiveObjects: 0.346300 ms CreateObjectMapping: 0.194900 ms MarkObjects: 26.087800 ms  DeleteObjects: 0.137200 ms)

========================================================================
Received Prepare
Registering precompiled user dll's ...
Registered in 0.014399 seconds.
Begin MonoManager ReloadAssembly
Native extension for WindowsStandalone target not found
Native extension for OSXStandalone target not found
Native extension for WebGL target not found
Refreshing native plugins compatible for Editor in 0.88 ms, found 3 plugins.
Preloading 0 native plugins for Editor in 0.00 ms.
Mono: successfully reloaded assembly
- Completed reload, in  1.845 seconds
Platform modules already initialized, skipping
Refreshing native plugins compatible for Editor in 0.88 ms, found 3 plugins.
Preloading 0 native plugins for Editor in 0.00 ms.
Unloading 3694 Unused Serialized files (Serialized files now loaded: 0)
System memory in use before: 165.6 MB.
System memory in use after: 165.7 MB.

Unloading 55 unused Assets to reduce memory usage. Loaded Objects now: 4311.
Total: 27.717300 ms (FindLiveObjects: 0.310500 ms CreateObjectMapping: 0.193500 ms MarkObjects: 27.065900 ms  DeleteObjects: 0.146100 ms)

========================================================================
Received Prepare
Registering precompiled user dll's ...
Registered in 0.015452 seconds.
Begin MonoManager ReloadAssembly
Native extension for WindowsStandalone target not found
Native extension for OSXStandalone target not found
Native extension for WebGL target not found
Refreshing native plugins compatible for Editor in 0.87 ms, found 3 plugins.
Preloading 0 native plugins for Editor in 0.00 ms.
Mono: successfully reloaded assembly
- Completed reload, in  1.824 seconds
Platform modules already initialized, skipping
Refreshing native plugins compatible for Editor in 0.88 ms, found 3 plugins.
Preloading 0 native plugins for Editor in 0.00 ms.
Unloading 3694 Unused Serialized files (Serialized files now loaded: 0)
System memory in use before: 165.6 MB.
System memory in use after: 165.7 MB.

Unloading 55 unused Assets to reduce memory usage. Loaded Objects now: 4315.
Total: 26.901800 ms (FindLiveObjects: 0.301900 ms CreateObjectMapping: 0.174100 ms MarkObjects: 26.289900 ms  DeleteObjects: 0.134500 ms)

========================================================================
Received Prepare
Registering precompiled user dll's ...
Registered in 0.016148 seconds.
Begin MonoManager ReloadAssembly
Native extension for WindowsStandalone target not found
Native extension for OSXStandalone target not found
Native extension for WebGL target not found
Refreshing native plugins compatible for Editor in 0.87 ms, found 3 plugins.
Preloading 0 native plugins for Editor in 0.00 ms.
Mono: successfully reloaded assembly
- Completed reload, in  1.777 seconds
Platform modules already initialized, skipping
Refreshing native plugins compatible for Editor in 0.95 ms, found 3 plugins.
Preloading 0 native plugins for Editor in 0.00 ms.
Unloading 3694 Unused Serialized files (Serialized files now loaded: 0)
System memory in use before: 165.6 MB.
System memory in use after: 165.7 MB.

Unloading 55 unused Assets to reduce memory usage. Loaded Objects now: 4319.
Total: 27.633000 ms (FindLiveObjects: 0.303200 ms CreateObjectMapping: 0.181900 ms MarkObjects: 27.013600 ms  DeleteObjects: 0.133200 ms)

========================================================================
Received Prepare
Registering precompiled user dll's ...
Registered in 0.013658 seconds.
Begin MonoManager ReloadAssembly
Native extension for WindowsStandalone target not found
Native extension for OSXStandalone target not found
Native extension for WebGL target not found
Refreshing native plugins compatible for Editor in 0.93 ms, found 3 plugins.
Preloading 0 native plugins for Editor in 0.00 ms.
Mono: successfully reloaded assembly
- Completed reload, in  1.799 seconds
Platform modules already initialized, skipping
Refreshing native plugins compatible for Editor in 0.88 ms, found 3 plugins.
Preloading 0 native plugins for Editor in 0.00 ms.
Unloading 3694 Unused Serialized files (Serialized files now loaded: 0)
System memory in use before: 165.6 MB.
System memory in use after: 165.7 MB.

Unloading 55 unused Assets to reduce memory usage. Loaded Objects now: 4323.
Total: 28.069400 ms (FindLiveObjects: 0.348100 ms CreateObjectMapping: 0.236300 ms MarkObjects: 27.335400 ms  DeleteObjects: 0.148600 ms)

========================================================================
Received Prepare
Registering precompiled user dll's ...
Registered in 0.014963 seconds.
Begin MonoManager ReloadAssembly
Native extension for WindowsStandalone target not found
Native extension for OSXStandalone target not found
Native extension for WebGL target not found
Refreshing native plugins compatible for Editor in 0.86 ms, found 3 plugins.
Preloading 0 native plugins for Editor in 0.00 ms.
Mono: successfully reloaded assembly
- Completed reload, in  1.761 seconds
Platform modules already initialized, skipping
Refreshing native plugins compatible for Editor in 0.88 ms, found 3 plugins.
Preloading 0 native plugins for Editor in 0.00 ms.
Unloading 3694 Unused Serialized files (Serialized files now loaded: 0)
System memory in use before: 165.6 MB.
System memory in use after: 165.7 MB.

Unloading 55 unused Assets to reduce memory usage. Loaded Objects now: 4327.
Total: 28.022600 ms (FindLiveObjects: 0.310300 ms CreateObjectMapping: 0.173300 ms MarkObjects: 27.404600 ms  DeleteObjects: 0.133100 ms)

========================================================================
Received Prepare
Registering precompiled user dll's ...
Registered in 0.013620 seconds.
Begin MonoManager ReloadAssembly
Native extension for WindowsStandalone target not found
Native extension for OSXStandalone target not found
Native extension for WebGL target not found
Refreshing native plugins compatible for Editor in 0.88 ms, found 3 plugins.
Preloading 0 native plugins for Editor in 0.00 ms.
Mono: successfully reloaded assembly
- Completed reload, in  1.771 seconds
Platform modules already initialized, skipping
Refreshing native plugins compatible for Editor in 0.89 ms, found 3 plugins.
Preloading 0 native plugins for Editor in 0.00 ms.
Unloading 3694 Unused Serialized files (Serialized files now loaded: 0)
System memory in use before: 165.6 MB.
System memory in use after: 165.7 MB.

Unloading 55 unused Assets to reduce memory usage. Loaded Objects now: 4331.
Total: 28.694500 ms (FindLiveObjects: 0.315500 ms CreateObjectMapping: 0.197400 ms MarkObjects: 28.043400 ms  DeleteObjects: 0.137000 ms)

========================================================================
Received Prepare
Registering precompiled user dll's ...
Registered in 0.014150 seconds.
Begin MonoManager ReloadAssembly
Native extension for WindowsStandalone target not found
Native extension for OSXStandalone target not found
Native extension for WebGL target not found
Refreshing native plugins compatible for Editor in 0.87 ms, found 3 plugins.
Preloading 0 native plugins for Editor in 0.00 ms.
Mono: successfully reloaded assembly
- Completed reload, in  1.733 seconds
Platform modules already initialized, skipping
Refreshing native plugins compatible for Editor in 0.88 ms, found 3 plugins.
Preloading 0 native plugins for Editor in 0.00 ms.
Unloading 3694 Unused Serialized files (Serialized files now loaded: 0)
System memory in use before: 165.6 MB.
System memory in use after: 165.7 MB.

Unloading 55 unused Assets to reduce memory usage. Loaded Objects now: 4335.
Total: 26.986700 ms (FindLiveObjects: 0.343800 ms CreateObjectMapping: 0.202600 ms MarkObjects: 26.303900 ms  DeleteObjects: 0.135100 ms)

========================================================================
Received Prepare
Registering precompiled user dll's ...
Registered in 0.014137 seconds.
Begin MonoManager ReloadAssembly
Native extension for WindowsStandalone target not found
Native extension for OSXStandalone target not found
Native extension for WebGL target not found
Refreshing native plugins compatible for Editor in 0.92 ms, found 3 plugins.
Preloading 0 native plugins for Editor in 0.00 ms.
Mono: successfully reloaded assembly
- Completed reload, in  1.709 seconds
Platform modules already initialized, skipping
Refreshing native plugins compatible for Editor in 0.88 ms, found 3 plugins.
Preloading 0 native plugins for Editor in 0.00 ms.
Unloading 3694 Unused Serialized files (Serialized files now loaded: 0)
System memory in use before: 165.6 MB.
System memory in use after: 165.7 MB.

Unloading 55 unused Assets to reduce memory usage. Loaded Objects now: 4339.
Total: 28.359900 ms (FindLiveObjects: 0.299500 ms CreateObjectMapping: 0.175200 ms MarkObjects: 27.753700 ms  DeleteObjects: 0.130000 ms)

========================================================================
Received Prepare
Registering precompiled user dll's ...
Registered in 0.013330 seconds.
Begin MonoManager ReloadAssembly
Native extension for WindowsStandalone target not found
Native extension for OSXStandalone target not found
Native extension for WebGL target not found
Refreshing native plugins compatible for Editor in 0.88 ms, found 3 plugins.
Preloading 0 native plugins for Editor in 0.00 ms.
Mono: successfully reloaded assembly
- Completed reload, in  1.770 seconds
Platform modules already initialized, skipping
Refreshing native plugins compatible for Editor in 0.90 ms, found 3 plugins.
Preloading 0 native plugins for Editor in 0.00 ms.
Unloading 3694 Unused Serialized files (Serialized files now loaded: 0)
System memory in use before: 165.6 MB.
System memory in use after: 165.7 MB.

Unloading 55 unused Assets to reduce memory usage. Loaded Objects now: 4343.
Total: 27.090500 ms (FindLiveObjects: 0.306800 ms CreateObjectMapping: 0.195700 ms MarkObjects: 26.451700 ms  DeleteObjects: 0.135100 ms)

========================================================================
Received Prepare
Registering precompiled user dll's ...
Registered in 0.014060 seconds.
Begin MonoManager ReloadAssembly
Native extension for WindowsStandalone target not found
Native extension for OSXStandalone target not found
Native extension for WebGL target not found
Refreshing native plugins compatible for Editor in 0.88 ms, found 3 plugins.
Preloading 0 native plugins for Editor in 0.00 ms.
Mono: successfully reloaded assembly
- Completed reload, in  1.755 seconds
Platform modules already initialized, skipping
Refreshing native plugins compatible for Editor in 0.88 ms, found 3 plugins.
Preloading 0 native plugins for Editor in 0.00 ms.
Unloading 3694 Unused Serialized files (Serialized files now loaded: 0)
System memory in use before: 165.7 MB.
System memory in use after: 165.8 MB.

Unloading 55 unused Assets to reduce memory usage. Loaded Objects now: 4347.
Total: 30.383300 ms (FindLiveObjects: 0.312600 ms CreateObjectMapping: 0.190200 ms MarkObjects: 29.698600 ms  DeleteObjects: 0.180200 ms)

========================================================================
Received Prepare
Registering precompiled user dll's ...
Registered in 0.013704 seconds.
Begin MonoManager ReloadAssembly
Native extension for WindowsStandalone target not found
Native extension for OSXStandalone target not found
Native extension for WebGL target not found
Refreshing native plugins compatible for Editor in 0.91 ms, found 3 plugins.
Preloading 0 native plugins for Editor in 0.00 ms.
Mono: successfully reloaded assembly
- Completed reload, in  1.772 seconds
Platform modules already initialized, skipping
Refreshing native plugins compatible for Editor in 0.91 ms, found 3 plugins.
Preloading 0 native plugins for Editor in 0.00 ms.
Unloading 3694 Unused Serialized files (Serialized files now loaded: 0)
System memory in use before: 165.7 MB.
System memory in use after: 165.8 MB.

Unloading 55 unused Assets to reduce memory usage. Loaded Objects now: 4351.
Total: 28.413000 ms (FindLiveObjects: 0.335000 ms CreateObjectMapping: 0.191800 ms MarkObjects: 27.755700 ms  DeleteObjects: 0.129300 ms)

========================================================================
Received Prepare
Registering precompiled user dll's ...
Registered in 0.013800 seconds.
Begin MonoManager ReloadAssembly
Native extension for WindowsStandalone target not found
Native extension for OSXStandalone target not found
Native extension for WebGL target not found
Refreshing native plugins compatible for Editor in 0.86 ms, found 3 plugins.
Preloading 0 native plugins for Editor in 0.00 ms.
Mono: successfully reloaded assembly
- Completed reload, in  1.774 seconds
Platform modules already initialized, skipping
Refreshing native plugins compatible for Editor in 0.89 ms, found 3 plugins.
Preloading 0 native plugins for Editor in 0.00 ms.
Unloading 3694 Unused Serialized files (Serialized files now loaded: 0)
System memory in use before: 165.7 MB.
System memory in use after: 165.8 MB.

Unloading 55 unused Assets to reduce memory usage. Loaded Objects now: 4355.
Total: 27.332000 ms (FindLiveObjects: 0.320600 ms CreateObjectMapping: 0.178800 ms MarkObjects: 26.693600 ms  DeleteObjects: 0.137800 ms)

========================================================================
Received Import Request.
  Time since last request: 4490.033805 seconds.
  path: Assets/Prefab/DarkChili.prefab
  artifactKey: Guid(bd4874960679d954da847c58c5773edd) Importer(815301076,1909f56bfc062723c751e8b465ee728b)
Start importing Assets/Prefab/DarkChili.prefab using Guid(bd4874960679d954da847c58c5773edd) Importer(815301076,1909f56bfc062723c751e8b465ee728b)  -> (artifact id: '7c7b77c6c5591a51f7e770724b1530fb') in 0.223395 seconds
  Import took 0.248325 seconds .

========================================================================
Received Import Request.
  Time since last request: 8.311743 seconds.
  path: Assets/Prefab/DarkChili.prefab
  artifactKey: Guid(bd4874960679d954da847c58c5773edd) Importer(815301076,1909f56bfc062723c751e8b465ee728b)
Start importing Assets/Prefab/DarkChili.prefab using Guid(bd4874960679d954da847c58c5773edd) Importer(815301076,1909f56bfc062723c751e8b465ee728b)  -> (artifact id: '18c46b52407ca8d74606856adfcd6226') in 0.006883 seconds
  Import took 0.059978 seconds .

========================================================================
Received Import Request.
  Time since last request: 0.009556 seconds.
  path: Assets/Prefab/DarkChili.prefab
  artifactKey: Guid(bd4874960679d954da847c58c5773edd) Importer(815301076,1909f56bfc062723c751e8b465ee728b)
Start importing Assets/Prefab/DarkChili.prefab using Guid(bd4874960679d954da847c58c5773edd) Importer(815301076,1909f56bfc062723c751e8b465ee728b)  -> (artifact id: '18c46b52407ca8d74606856adfcd6226') in 0.006951 seconds
  Import took 0.012759 seconds .

========================================================================
Received Import Request.
  Time since last request: 26.737153 seconds.
  path: Assets/Prefab/DarkChili.prefab
  artifactKey: Guid(bd4874960679d954da847c58c5773edd) Importer(815301076,1909f56bfc062723c751e8b465ee728b)
Start importing Assets/Prefab/DarkChili.prefab using Guid(bd4874960679d954da847c58c5773edd) Importer(815301076,1909f56bfc062723c751e8b465ee728b)  -> (artifact id: 'ad8665f51eb76b2553c0a5ad8600e212') in 0.006869 seconds
  Import took 0.028141 seconds .

========================================================================
Received Prepare
Registering precompiled user dll's ...
Registered in 0.014057 seconds.
Begin MonoManager ReloadAssembly
Native extension for WindowsStandalone target not found
Native extension for OSXStandalone target not found
Native extension for WebGL target not found
Refreshing native plugins compatible for Editor in 0.92 ms, found 3 plugins.
Preloading 0 native plugins for Editor in 0.00 ms.
Mono: successfully reloaded assembly
- Completed reload, in  1.905 seconds
Platform modules already initialized, skipping
Refreshing native plugins compatible for Editor in 1.49 ms, found 3 plugins.
Preloading 0 native plugins for Editor in 0.00 ms.
Unloading 3694 Unused Serialized files (Serialized files now loaded: 0)
System memory in use before: 165.7 MB.
System memory in use after: 165.8 MB.

Unloading 55 unused Assets to reduce memory usage. Loaded Objects now: 4359.
Total: 29.863000 ms (FindLiveObjects: 0.407100 ms CreateObjectMapping: 0.288900 ms MarkObjects: 29.032600 ms  DeleteObjects: 0.133200 ms)

========================================================================
Received Import Request.
  Time since last request: 37.803667 seconds.
  path: Assets/Prefab/DarkChili.prefab
  artifactKey: Guid(bd4874960679d954da847c58c5773edd) Importer(815301076,1909f56bfc062723c751e8b465ee728b)
Start importing Assets/Prefab/DarkChili.prefab using Guid(bd4874960679d954da847c58c5773edd) Importer(815301076,1909f56bfc062723c751e8b465ee728b)  -> (artifact id: '89f67a52505750e9ded93ff7a16f9a66') in 0.055330 seconds
  Import took 0.082266 seconds .

========================================================================
Received Prepare
Refreshing native plugins compatible for Editor in 13.71 ms, found 3 plugins.
Preloading 0 native plugins for Editor in 0.00 ms.
Unloading 53 Unused Serialized files (Serialized files now loaded: 0)
System memory in use before: 77.9 MB.
System memory in use after: 78.1 MB.

Unloading 53 unused Assets to reduce memory usage. Loaded Objects now: 4359.
Total: 29.738000 ms (FindLiveObjects: 0.335700 ms CreateObjectMapping: 0.185000 ms MarkObjects: 29.076400 ms  DeleteObjects: 0.139600 ms)

